<?xml version="1.0" encoding="UTF-8"?>
<coverage generated="1697373130239" clover="3.2.0">
  <project timestamp="1697373130239" name="All files">
    <metrics statements="10" coveredstatements="10" conditionals="6" coveredconditionals="6" methods="3" coveredmethods="3" elements="19" coveredelements="19" complexity="0" loc="10" ncloc="10" packages="1" files="1" classes="1"/>
    <file name="app.js" path="/Users/victoriawolf/Desktop/done/clean functions/src/js/app.js">
      <metrics statements="10" coveredstatements="10" conditionals="6" coveredconditionals="6" methods="3" coveredmethods="3"/>
      <line num="3" count="1" type="stmt"/>
      <line num="10" count="3" type="cond" truecount="2" falsecount="0"/>
      <line num="11" count="1" type="stmt"/>
      <line num="12" count="1" type="stmt"/>
      <line num="13" count="2" type="cond" truecount="4" falsecount="0"/>
      <line num="14" count="1" type="stmt"/>
      <line num="15" count="1" type="stmt"/>
      <line num="17" count="1" type="stmt"/>
      <line num="18" count="1" type="stmt"/>
      <line num="23" count="4" type="stmt"/>
    </file>
  </project>
</coverage>
