{"/Users/victoriawolf/Desktop/done/clean functions/src/js/app.js": {"path":"/Users/victoriawolf/Desktop/done/clean functions/src/js/app.js","statementMap":{"0":{"start":{"line":3,"column":22},"end":{"line":7,"column":1}},"1":{"start":{"line":10,"column":4},"end":{"line":19,"column":5}},"2":{"start":{"line":11,"column":8},"end":{"line":11,"column":30}},"3":{"start":{"line":12,"column":8},"end":{"line":12,"column":25}},"4":{"start":{"line":13,"column":11},"end":{"line":19,"column":5}},"5":{"start":{"line":14,"column":8},"end":{"line":14,"column":31}},"6":{"start":{"line":15,"column":8},"end":{"line":15,"column":25}},"7":{"start":{"line":17,"column":8},"end":{"line":17,"column":28}},"8":{"start":{"line":18,"column":8},"end":{"line":18,"column":26}},"9":{"start":{"line":23,"column":4},"end":{"line":23,"column":55}},"10":{"start":{"line":23,"column":35},"end":{"line":23,"column":54}}},"fnMap":{"0":{"name":"showHealth","decl":{"start":{"line":9,"column":16},"end":{"line":9,"column":26}},"loc":{"start":{"line":9,"column":33},"end":{"line":20,"column":1}},"line":9},"1":{"name":"sortUsers","decl":{"start":{"line":22,"column":16},"end":{"line":22,"column":25}},"loc":{"start":{"line":22,"column":36},"end":{"line":24,"column":1}},"line":22},"2":{"name":"(anonymous_2)","decl":{"start":{"line":23,"column":25},"end":{"line":23,"column":26}},"loc":{"start":{"line":23,"column":35},"end":{"line":23,"column":54}},"line":23}},"branchMap":{"0":{"loc":{"start":{"line":10,"column":4},"end":{"line":19,"column":5}},"type":"if","locations":[{"start":{"line":10,"column":4},"end":{"line":19,"column":5}},{"start":{"line":13,"column":11},"end":{"line":19,"column":5}}],"line":10},"1":{"loc":{"start":{"line":13,"column":11},"end":{"line":19,"column":5}},"type":"if","locations":[{"start":{"line":13,"column":11},"end":{"line":19,"column":5}},{"start":{"line":16,"column":11},"end":{"line":19,"column":5}}],"line":13},"2":{"loc":{"start":{"line":13,"column":15},"end":{"line":13,"column":53}},"type":"binary-expr","locations":[{"start":{"line":13,"column":15},"end":{"line":13,"column":32}},{"start":{"line":13,"column":36},"end":{"line":13,"column":53}}],"line":13}},"s":{"0":1,"1":3,"2":1,"3":1,"4":2,"5":1,"6":1,"7":1,"8":1,"9":1,"10":4},"f":{"0":3,"1":1,"2":4},"b":{"0":[1,2],"1":[1,1],"2":[2,1]},"_coverageSchema":"1a1c01bbd47fc00a2c39e90264f33305004495a9","hash":"8f56109e794fe7e66e82dd60eb2cfa2a4da80e52"}
}
